2025-09-07 14:45:54,472 - INFO - Data Processing Initialized...
2025-09-07 14:45:54,769 - INFO - Data loaded sucesfully..
2025-09-07 14:45:55,153 - INFO - Basic Processing Done..
2025-09-07 14:45:55,413 - INFO - Selected features are : ['Healthcare_Costs', 'Tumor_Size_mm', 'Treatment_Type', 'Diabetes', 'Mortality_Rate_per_100K']
2025-09-07 14:45:55,417 - INFO - Feature selection done..
2025-09-07 14:45:55,523 - INFO - splitting and Scaling Done..
2025-09-07 14:45:55,544 - INFO - Saving is Done...
2025-09-07 14:45:55,544 - INFO - Data Processing Pipline execusted sucesfuly....
2025-09-07 15:02:26,759 - INFO - Model Training Initialization...
2025-09-07 15:02:26,776 - INFO - Data loaded for Model
2025-09-07 15:02:34,027 - INFO - Model trained and saved sucesfully...
2025-09-07 15:02:34,401 - INFO - Accuracy : 0.5995223880597015 ; Precision : 0.536223766057273 ; Recall : 0.5995223880597015 ; F1-Score : 0.45031668492929605
2025-09-07 15:02:34,449 - INFO - ROC-AUC Score : 0.49967731082550826
2025-09-07 15:02:34,449 - INFO - Model evaluation done...
2025-09-07 15:09:44,345 - INFO - Model Training Initialization...
2025-09-07 15:09:44,356 - INFO - Data loaded for Model
2025-09-07 15:09:51,620 - INFO - Model trained and saved sucesfully...
2025-09-07 15:09:51,992 - INFO - Accuracy : 0.5995223880597015 ; Precision : 0.536223766057273 ; Recall : 0.5995223880597015 ; F1-Score : 0.45031668492929605
2025-09-07 15:09:52,040 - INFO - ROC-AUC Score : 0.49967731082550826
2025-09-07 15:09:52,040 - INFO - Model evaluation done...
